<?xml version="1.0" encoding="UTF-8"?>
<!-- Generated by org.testng.reporters.JUnitReportReporter -->
<testsuite hostname="IBM-GBQ8QM3" failures="0" tests="6" name="day1.demo.invocationcount" time="0.020" errors="0" timestamp="2022-06-17T16:27:53 IST" skipped="0">
  <testcase classname="day1.demo.invocationcount" name="testcase3" time="0.002"/>
  <system-out/>
  <testcase classname="day1.demo.invocationcount" name="testcase3" time="0.001"/>
  <system-out/>
  <testcase classname="day1.demo.invocationcount" name="testcase2" time="0.001"/>
  <system-out/>
  <testcase classname="day1.demo.invocationcount" name="testcase1" time="0.013"/>
  <system-out/>
  <testcase classname="day1.demo.invocationcount" name="testcase2" time="0.002"/>
  <system-out/>
  <testcase classname="day1.demo.invocationcount" name="testcase3" time="0.001"/>
  <system-out/>
</testsuite> <!-- day1.demo.invocationcount -->
