<?xml version="1.0" encoding="UTF-8"?>
<!-- Generated by org.testng.reporters.JUnitReportReporter -->
<testsuite hostname="IBM-GBQ8QM3" failures="0" tests="2" name="day1.demo.groupsXML" time="0.005" errors="0" timestamp="2022-06-20T14:05:54 IST" skipped="0">
  <testcase classname="day1.demo.groupsXML" name="checkingPNRStatus" time="0.005"/>
  <system-out/>
  <testcase classname="day1.demo.groupsXML" name="zbookingtickets" time="0.000"/>
  <system-out/>
</testsuite> <!-- day1.demo.groupsXML -->
