<?xml version="1.0" encoding="UTF-8"?>
<!-- Generated by org.testng.reporters.JUnitReportReporter -->
<testsuite hostname="IBM-GBQ8QM3" failures="0" tests="2" name="day1.demo.testng2" time="0.014" errors="0" timestamp="2022-06-20T10:46:25 IST" skipped="0">
  <testcase classname="day1.demo.testng2" name="zbookingtickets" time="0.002"/>
  <system-out/>
  <testcase classname="day1.demo.testng2" name="checkingPNRStatus" time="0.012"/>
  <system-out/>
</testsuite> <!-- day1.demo.testng2 -->
