<?xml version="1.0" encoding="UTF-8"?>
<!-- Generated by org.testng.reporters.JUnitReportReporter -->
<testsuite hostname="IBM-GBQ8QM3" failures="0" tests="2" name="day1.demo.testng" time="13.141" errors="0" timestamp="2022-06-20T10:34:01 IST" skipped="0">
  <testcase classname="day1.demo.testng" name="zbookingtickets" time="10.522"/>
  <system-out/>
  <testcase classname="day1.demo.testng" name="checkingPNRStatus" time="2.619"/>
  <system-out/>
</testsuite> <!-- day1.demo.testng -->
